<?xml version="1.0" encoding="UTF-8"?>
<!-- Generated by org.testng.reporters.JUnitReportReporter -->
<testsuite skipped="0" hostname="LAPTOP-VA1S61KV" name="com.bridgelabz.makemytrip.test.MakeMyTripTest" tests="4" failures="0" timestamp="2021-06-13T14:08:48 IST" time="43.301" errors="0">
  <testcase name="search_Flight" time="40.693" classname="com.bridgelabz.makemytrip.test.MakeMyTripTest"/>
  <system-out/>
  <testcase name="whenOneStopFilterApplied_ShouldPrintOneStopFLights" time="0.634" classname="com.bridgelabz.makemytrip.test.MakeMyTripTest"/>
  <system-out/>
  <testcase name="whenNonStopFilterApplied_ShouldPrintNonStopFLights" time="0.612" classname="com.bridgelabz.makemytrip.test.MakeMyTripTest"/>
  <system-out/>
  <testcase name="whenGivenListOfFlight_ShouldBookFlight" time="1.362" classname="com.bridgelabz.makemytrip.test.MakeMyTripTest"/>
  <system-out/>
</testsuite> <!-- com.bridgelabz.makemytrip.test.MakeMyTripTest -->
